0 info it worked if it ends with ok
1 verbose cli [ 'C:\\Program Files\\nodejs\\node.exe',
1 verbose cli   'C:\\Program Files\\nodejs\\node_modules\\npm\\bin\\npm-cli.js',
1 verbose cli   'run',
1 verbose cli   'android' ]
2 info using npm@3.10.10
3 info using node@v6.11.4
4 verbose run-script [ 'preandroid', 'android', 'postandroid' ]
5 info lifecycle GpsApp@0.1.0~preandroid: GpsApp@0.1.0
6 silly lifecycle GpsApp@0.1.0~preandroid: no script for preandroid, continuing
7 info lifecycle GpsApp@0.1.0~android: GpsApp@0.1.0
8 verbose lifecycle GpsApp@0.1.0~android: unsafe-perm in lifecycle true
9 verbose lifecycle GpsApp@0.1.0~android: PATH: C:\Program Files\nodejs\node_modules\npm\bin\node-gyp-bin;C:\01\01\01\GpsApp\node_modules\.bin;C:\app\ZSNotebook\product\12.1.0\client_1;C:\ProgramData\Oracle\Java\javapath;C:\WINDOWS\system32;C:\WINDOWS;C:\WINDOWS\System32\Wbem;C:\WINDOWS\System32\WindowsPowerShell\v1.0\;C:\Program Files\dotnet\;C:\Program Files\Microsoft SQL Server\130\Tools\Binn\;C:\Program Files\TortoiseSVN\bin;C:\Program Files (x86)\Skype\Phone\;C:\Program Files (x86)\Microsoft SQL Server\Client SDK\ODBC\130\Tools\Binn\;C:\Program Files (x86)\Microsoft SQL Server\140\Tools\Binn\;C:\Program Files (x86)\Microsoft SQL Server\140\DTS\Binn\;C:\Program Files (x86)\Microsoft SQL Server\140\Tools\Binn\ManagementStudio\;C:\Program Files\nodejs\;c:\Program Files (x86)\Microsoft SQL Server\90\Tools\binn\;C:\Program Files\Git\cmd;C:\Users\ZSNotebook\AppData\Local\Microsoft\WindowsApps;C:\Users\ZSNotebook\AppData\Roaming\npm;C:\Program Files\Microsoft VS Code\bin;
10 verbose lifecycle GpsApp@0.1.0~android: CWD: C:\01\01\01\GpsApp
11 silly lifecycle GpsApp@0.1.0~android: Args: [ '/d /s /c', 'react-native-scripts android' ]
12 silly lifecycle GpsApp@0.1.0~android: Returned: code: 3  signal: null
13 info lifecycle GpsApp@0.1.0~android: Failed to exec android script
14 verbose stack Error: GpsApp@0.1.0 android: `react-native-scripts android`
14 verbose stack Exit status 3
14 verbose stack     at EventEmitter.<anonymous> (C:\Program Files\nodejs\node_modules\npm\lib\utils\lifecycle.js:255:16)
14 verbose stack     at emitTwo (events.js:106:13)
14 verbose stack     at EventEmitter.emit (events.js:191:7)
14 verbose stack     at ChildProcess.<anonymous> (C:\Program Files\nodejs\node_modules\npm\lib\utils\spawn.js:40:14)
14 verbose stack     at emitTwo (events.js:106:13)
14 verbose stack     at ChildProcess.emit (events.js:191:7)
14 verbose stack     at maybeClose (internal/child_process.js:920:16)
14 verbose stack     at Process.ChildProcess._handle.onexit (internal/child_process.js:230:5)
15 verbose pkgid GpsApp@0.1.0
16 verbose cwd C:\01\01\01\GpsApp
17 error Windows_NT 10.0.16299
18 error argv "C:\\Program Files\\nodejs\\node.exe" "C:\\Program Files\\nodejs\\node_modules\\npm\\bin\\npm-cli.js" "run" "android"
19 error node v6.11.4
20 error npm  v3.10.10
21 error code ELIFECYCLE
22 error GpsApp@0.1.0 android: `react-native-scripts android`
22 error Exit status 3
23 error Failed at the GpsApp@0.1.0 android script 'react-native-scripts android'.
23 error Make sure you have the latest version of node.js and npm installed.
23 error If you do, this is most likely a problem with the GpsApp package,
23 error not with npm itself.
23 error Tell the author that this fails on your system:
23 error     react-native-scripts android
23 error You can get information on how to open an issue for this project with:
23 error     npm bugs GpsApp
23 error Or if that isn't available, you can get their info via:
23 error     npm owner ls GpsApp
23 error There is likely additional logging output above.
24 verbose exit [ 1, true ]
